This file contains any messages produced by compilers while
running configure, to aid debugging if configure makes a mistake.

It was created by helloStatic configure 1.0, which was
generated by GNU Autoconf 2.68.  Invocation command line was

  $ ./configure 

## --------- ##
## Platform. ##
## --------- ##

hostname = zww-virtual-machine
uname -m = x86_64
uname -r = 3.2.0-29-generic
uname -s = Linux
uname -v = #46-Ubuntu SMP Fri Jul 27 17:03:23 UTC 2012

/usr/bin/uname -p = unknown
/bin/uname -X     = unknown

/bin/arch              = unknown
/usr/bin/arch -k       = unknown
/usr/convex/getsysinfo = unknown
/usr/bin/hostinfo      = unknown
/bin/machine           = unknown
/usr/bin/oslevel       = unknown
/bin/universe          = unknown

PATH: /usr/lib/lightdm/lightdm
PATH: /usr/local/sbin
PATH: /usr/local/bin
PATH: /usr/sbin
PATH: /usr/bin
PATH: /sbin
PATH: /bin
PATH: /usr/games
PATH: /opt/arm-2009q1/bin


## ----------- ##
## Core tests. ##
## ----------- ##

configure:1806: checking for a BSD-compatible install
configure:1874: result: /usr/bin/install -c
configure:1885: checking whether build environment is sane
configure:1935: result: yes
configure:2076: checking for a thread-safe mkdir -p
configure:2115: result: /bin/mkdir -p
configure:2128: checking for gawk
configure:2158: result: no
configure:2128: checking for mawk
configure:2144: found /usr/bin/mawk
configure:2155: result: mawk
configure:2166: checking whether make sets $(MAKE)
configure:2188: result: yes
configure:2321: checking for gcc
configure:2337: found /usr/bin/gcc
configure:2348: result: gcc
configure:2577: checking for C compiler version
configure:2586: gcc --version >&5
gcc (Ubuntu/Linaro 4.6.3-1ubuntu5) 4.6.3
Copyright (C) 2011 Free Software Foundation, Inc.
This is free software; see the source for copying conditions.  There is NO
warranty; not even for MERCHANTABILITY or FITNESS FOR A PARTICULAR PURPOSE.

configure:2597: $? = 0
configure:2586: gcc -v >&5
Using built-in specs.
COLLECT_GCC=gcc
COLLECT_LTO_WRAPPER=/usr/lib/gcc/x86_64-linux-gnu/4.6/lto-wrapper
Target: x86_64-linux-gnu
Configured with: ../src/configure -v --with-pkgversion='Ubuntu/Linaro 4.6.3-1ubuntu5' --with-bugurl=file:///usr/share/doc/gcc-4.6/README.Bugs --enable-languages=c,c++,fortran,objc,obj-c++ --prefix=/usr --program-suffix=-4.6 --enable-shared --enable-linker-build-id --with-system-zlib --libexecdir=/usr/lib --without-included-gettext --enable-threads=posix --with-gxx-include-dir=/usr/include/c++/4.6 --libdir=/usr/lib --enable-nls --with-sysroot=/ --enable-clocale=gnu --enable-libstdcxx-debug --enable-libstdcxx-time=yes --enable-gnu-unique-object --enable-plugin --enable-objc-gc --disable-werror --with-arch-32=i686 --with-tune=generic --enable-checking=release --build=x86_64-linux-gnu --host=x86_64-linux-gnu --target=x86_64-linux-gnu
Thread model: posix
gcc version 4.6.3 (Ubuntu/Linaro 4.6.3-1ubuntu5) 
configure:2597: $? = 0
configure:2586: gcc -V >&5
gcc: error: unrecognized option '-V'
gcc: fatal error: no input files
compilation terminated.
configure:2597: $? = 4
configure:2586: gcc -qversion >&5
gcc: error: unrecognized option '-qversion'
gcc: fatal error: no input files
compilation terminated.
configure:2597: $? = 4
configure:2617: checking whether the C compiler works
configure:2639: gcc    conftest.c  >&5
configure:2643: $? = 0
configure:2691: result: yes
configure:2694: checking for C compiler default output file name
configure:2696: result: a.out
configure:2702: checking for suffix of executables
configure:2709: gcc -o conftest    conftest.c  >&5
configure:2713: $? = 0
configure:2735: result: 
configure:2757: checking whether we are cross compiling
configure:2765: gcc -o conftest    conftest.c  >&5
configure:2769: $? = 0
configure:2776: ./conftest
configure:2780: $? = 0
configure:2795: result: no
configure:2800: checking for suffix of object files
configure:2822: gcc -c   conftest.c >&5
configure:2826: $? = 0
configure:2847: result: o
configure:2851: checking whether we are using the GNU C compiler
configure:2870: gcc -c   conftest.c >&5
configure:2870: $? = 0
configure:2879: result: yes
configure:2888: checking whether gcc accepts -g
configure:2908: gcc -c -g  conftest.c >&5
configure:2908: $? = 0
configure:2949: result: yes
configure:2966: checking for gcc option to accept ISO C89
configure:3030: gcc  -c -g -O2  conftest.c >&5
configure:3030: $? = 0
configure:3043: result: none needed
configure:3074: checking for style of include used by make
configure:3102: result: GNU
configure:3128: checking dependency style of gcc
configure:3239: result: gcc3
configure:3299: checking for ranlib
configure:3315: found /usr/bin/ranlib
configure:3326: result: ranlib
configure:3489: creating ./config.status

## ---------------------- ##
## Running config.status. ##
## ---------------------- ##

This file was extended by helloStatic config.status 1.0, which was
generated by GNU Autoconf 2.68.  Invocation command line was

  CONFIG_FILES    = 
  CONFIG_HEADERS  = 
  CONFIG_LINKS    = 
  CONFIG_COMMANDS = 
  $ ./config.status 

on zww-virtual-machine

config.status:850: creating Makefile
config.status:850: creating lib/Makefile
config.status:850: creating src/Makefile
config.status:850: creating config.h
config.status:1031: config.h is unchanged
config.status:1079: executing depfiles commands

## ---------------- ##
## Cache variables. ##
## ---------------- ##

ac_cv_c_compiler_gnu=yes
ac_cv_env_CC_set=
ac_cv_env_CC_value=
ac_cv_env_CFLAGS_set=
ac_cv_env_CFLAGS_value=
ac_cv_env_CPPFLAGS_set=
ac_cv_env_CPPFLAGS_value=
ac_cv_env_LDFLAGS_set=
ac_cv_env_LDFLAGS_value=
ac_cv_env_LIBS_set=
ac_cv_env_LIBS_value=
ac_cv_env_build_alias_set=
ac_cv_env_build_alias_value=
ac_cv_env_host_alias_set=
ac_cv_env_host_alias_value=
ac_cv_env_target_alias_set=
ac_cv_env_target_alias_value=
ac_cv_objext=o
ac_cv_path_install='/usr/bin/install -c'
ac_cv_path_mkdir=/bin/mkdir
ac_cv_prog_AWK=mawk
ac_cv_prog_ac_ct_CC=gcc
ac_cv_prog_ac_ct_RANLIB=ranlib
ac_cv_prog_cc_c89=
ac_cv_prog_cc_g=yes
ac_cv_prog_make_make_set=yes
am_cv_CC_dependencies_compiler_type=gcc3

## ----------------- ##
## Output variables. ##
## ----------------- ##

ACLOCAL='${SHELL} /home/zww/githubWork/LinuxProject/example/missing --run aclocal-1.11'
AMDEPBACKSLASH='\'
AMDEP_FALSE='#'
AMDEP_TRUE=''
AMTAR='$${TAR-tar}'
AUTOCONF='${SHELL} /home/zww/githubWork/LinuxProject/example/missing --run autoconf'
AUTOHEADER='${SHELL} /home/zww/githubWork/LinuxProject/example/missing --run autoheader'
AUTOMAKE='${SHELL} /home/zww/githubWork/LinuxProject/example/missing --run automake-1.11'
AWK='mawk'
CC='gcc'
CCDEPMODE='depmode=gcc3'
CFLAGS='-g -O2'
CPPFLAGS=''
CYGPATH_W='echo'
DEFS='-DHAVE_CONFIG_H'
DEPDIR='.deps'
ECHO_C=''
ECHO_N='-n'
ECHO_T=''
EXEEXT=''
INSTALL_DATA='${INSTALL} -m 644'
INSTALL_PROGRAM='${INSTALL}'
INSTALL_SCRIPT='${INSTALL}'
INSTALL_STRIP_PROGRAM='$(install_sh) -c -s'
LDFLAGS=''
LIBOBJS=''
LIBS=''
LTLIBOBJS=''
MAKEINFO='${SHELL} /home/zww/githubWork/LinuxProject/example/missing --run makeinfo'
MKDIR_P='/bin/mkdir -p'
OBJEXT='o'
PACKAGE='hellostatic'
PACKAGE_BUGREPORT='cyuyan22844@126.com'
PACKAGE_NAME='helloStatic'
PACKAGE_STRING='helloStatic 1.0'
PACKAGE_TARNAME='hellostatic'
PACKAGE_URL=''
PACKAGE_VERSION='1.0'
PATH_SEPARATOR=':'
RANLIB='ranlib'
SET_MAKE=''
SHELL='/bin/sh'
STRIP=''
VERSION='1.0'
ac_ct_CC='gcc'
am__EXEEXT_FALSE=''
am__EXEEXT_TRUE='#'
am__fastdepCC_FALSE='#'
am__fastdepCC_TRUE=''
am__include='include'
am__isrc=''
am__leading_dot='.'
am__nodep='_no'
am__quote=''
am__tar='$${TAR-tar} chof - "$$tardir"'
am__untar='$${TAR-tar} xf -'
bindir='${exec_prefix}/bin'
build_alias=''
datadir='${datarootdir}'
datarootdir='${prefix}/share'
docdir='${datarootdir}/doc/${PACKAGE_TARNAME}'
dvidir='${docdir}'
exec_prefix='${prefix}'
host_alias=''
htmldir='${docdir}'
includedir='${prefix}/include'
infodir='${datarootdir}/info'
install_sh='${SHELL} /home/zww/githubWork/LinuxProject/example/install-sh'
libdir='${exec_prefix}/lib'
libexecdir='${exec_prefix}/libexec'
localedir='${datarootdir}/locale'
localstatedir='${prefix}/var'
mandir='${datarootdir}/man'
mkdir_p='/bin/mkdir -p'
oldincludedir='/usr/include'
pdfdir='${docdir}'
prefix='/usr/local'
program_transform_name='s,x,x,'
psdir='${docdir}'
sbindir='${exec_prefix}/sbin'
sharedstatedir='${prefix}/com'
sysconfdir='${prefix}/etc'
target_alias=''

## ----------- ##
## confdefs.h. ##
## ----------- ##

/* confdefs.h */
#define PACKAGE_NAME "helloStatic"
#define PACKAGE_TARNAME "hellostatic"
#define PACKAGE_VERSION "1.0"
#define PACKAGE_STRING "helloStatic 1.0"
#define PACKAGE_BUGREPORT "cyuyan22844@126.com"
#define PACKAGE_URL ""
#define PACKAGE "hellostatic"
#define VERSION "1.0"

configure: exit 0
